<?xml version="1.0" encoding="UTF-8"?>
<!-- Generated by org.testng.reporters.JUnitReportReporter -->
<testsuite hostname="DESKTOP-QL7K25G" failures="0" tests="1" name="cucumberOptions.TestNgTestRunner" time="11.347" errors="0" timestamp="2022-11-23T09:23:56 IST" skipped="0">
  <testcase classname="cucumberOptions.TestNgTestRunner" name="runScenario" time="11.347"/>
  <system-out/>
</testsuite> <!-- cucumberOptions.TestNgTestRunner -->
