<?xml version="1.0" encoding="UTF-8"?>
<!-- Generated by org.testng.reporters.JUnitReportReporter -->
<testsuite hostname="DESKTOP-QL7K25G" failures="0" tests="2" name="cucumberOptions.TestNgTestRunner" time="34.931" errors="0" timestamp="2022-06-16T09:34:41 IST" skipped="0">
  <testcase classname="cucumberOptions.TestNgTestRunner" name="runScenario" time="22.143"/>
  <system-out/>
  <testcase classname="cucumberOptions.TestNgTestRunner" name="runScenario" time="12.788"/>
  <system-out/>
</testsuite> <!-- cucumberOptions.TestNgTestRunner -->
