<?xml version="1.0" encoding="UTF-8"?>
<!-- Generated by org.testng.reporters.JUnitReportReporter -->
<testsuite hostname="DESKTOP-QL7K25G" failures="0" tests="1" name="cucumberOptions.TestNgTestRunner" time="16.000" errors="0" timestamp="2022-06-17T08:41:25 IST" skipped="0">
  <testcase classname="cucumberOptions.TestNgTestRunner" name="runScenario" time="16.000"/>
  <system-out/>
</testsuite> <!-- cucumberOptions.TestNgTestRunner -->
