<?xml version="1.0" encoding="UTF-8"?>
<!-- Generated by org.testng.reporters.JUnitReportReporter -->
<testsuite hostname="DESKTOP-QL7K25G" failures="0" tests="2" name="cucumberOptions.TestNgTestRunner" time="80.111" errors="0" timestamp="2022-06-13T10:57:18 IST" skipped="0">
  <testcase classname="cucumberOptions.TestNgTestRunner" name="runScenario" time="31.942"/>
  <system-out/>
  <testcase classname="cucumberOptions.TestNgTestRunner" name="runScenario" time="48.169"/>
  <system-out/>
</testsuite> <!-- cucumberOptions.TestNgTestRunner -->
