<?xml version="1.0" encoding="UTF-8"?>
<!-- Generated by org.testng.reporters.JUnitReportReporter -->
<testsuite skipped="0" hostname="DESKTOP-QL7K25G" name="cucumberOptions.TestNgTestRunner" tests="1" failures="0" timestamp="2022-06-17T10:16:51 IST" time="22.131" errors="0">
  <testcase name="runScenario" time="22.131" classname="cucumberOptions.TestNgTestRunner"/>
  <system-out/>
</testsuite> <!-- cucumberOptions.TestNgTestRunner -->
